<?xml version="1.0" encoding="UTF-8"?>
<!-- Generated by org.testng.reporters.JUnitReportReporter -->
<testsuite hostname="LAPTOP-A1T6ES33" failures="0" tests="3" name="com.mbnabc.expTest" time="0.009" errors="0" timestamp="2024-06-10T15:06:58 CST" skipped="0">
  <testcase classname="com.mbnabc.expTest" name="test2" time="0.002"/>
  <testcase classname="com.mbnabc.expTest" name="test1" time="0.006"/>
  <testcase classname="com.mbnabc.expTest" name="test11" time="0.001"/>
</testsuite> <!-- com.mbnabc.expTest -->
